app/build/intermediates/manifest_merge_blame_file/debug/manifest-merger-blame-debug-report.txt
1<?xml version="1.0" encoding="utf-8"?>
2<manifest xmlns:android="http://schemas.android.com/apk/res/android"
3    package="com.example.proyectolomb"
4    android:versionCode="1"
5    android:versionName="1.0" >
6
7    <uses-sdk
8        android:minSdkVersion="21"
8-->src\main\AndroidManifest.xml
9        android:targetSdkVersion="32" />
9-->src\main\AndroidManifest.xml
10
11    <application
11-->src\main\AndroidManifest.xml:6:5-38:19
12        android:allowBackup="true"
12-->src\main\AndroidManifest.xml:7:9-35
13        android:appComponentFactory="androidx.core.app.CoreComponentFactory"
13-->[androidx.core:core:1.8.0] AndroidManifest.xml:24:18-86
14        android:dataExtractionRules="@xml/data_extraction_rules"
14-->src\main\AndroidManifest.xml:8:9-65
15        android:debuggable="true"
16        android:fullBackupContent="@xml/backup_rules"
16-->src\main\AndroidManifest.xml:9:9-54
17        android:icon="@mipmap/ic_launcher"
17-->src\main\AndroidManifest.xml:10:9-43
18        android:label="@string/app_name"
18-->src\main\AndroidManifest.xml:11:9-41
19        android:roundIcon="@mipmap/ic_launcher_round"
19-->src\main\AndroidManifest.xml:12:9-54
20        android:supportsRtl="true"
20-->src\main\AndroidManifest.xml:13:9-35
21        android:testOnly="true"
22        android:theme="@style/Theme.ProyectoLomb" >
22-->src\main\AndroidManifest.xml:14:9-50
23        <activity
23-->src\main\AndroidManifest.xml:16:9-27:20
24            android:name="com.example.proyectolomb.MainActivity"
24-->src\main\AndroidManifest.xml:17:13-41
25            android:exported="true"
25-->src\main\AndroidManifest.xml:18:13-36
26            android:screenOrientation="portrait"
26-->src\main\AndroidManifest.xml:20:13-49
27            android:theme="@style/Theme.ProyectoLomb.NoActionBar" >
27-->src\main\AndroidManifest.xml:19:13-66
28            <intent-filter>
28-->src\main\AndroidManifest.xml:22:13-26:29
29                <action android:name="android.intent.action.MAIN" />
29-->src\main\AndroidManifest.xml:23:17-69
29-->src\main\AndroidManifest.xml:23:25-66
30
31                <category android:name="android.intent.category.LAUNCHER" />
31-->src\main\AndroidManifest.xml:25:17-77
31-->src\main\AndroidManifest.xml:25:27-74
32            </intent-filter>
33        </activity>
34        <activity
34-->src\main\AndroidManifest.xml:28:9-35:20
35            android:name="com.example.proyectolomb.Principal_activity"
35-->src\main\AndroidManifest.xml:29:13-47
36            android:exported="false"
36-->src\main\AndroidManifest.xml:30:13-37
37            android:label="@string/title_activity_principal"
37-->src\main\AndroidManifest.xml:31:13-61
38            android:screenOrientation="portrait"
38-->src\main\AndroidManifest.xml:33:13-49
39            android:theme="@style/Theme.ProyectoLomb.NoActionBar" >
39-->src\main\AndroidManifest.xml:32:13-66
40        </activity>
41
42        <provider
42-->[androidx.emoji2:emoji2:1.2.0] AndroidManifest.xml:24:9-32:20
43            android:name="androidx.startup.InitializationProvider"
43-->[androidx.emoji2:emoji2:1.2.0] AndroidManifest.xml:25:13-67
44            android:authorities="com.example.proyectolomb.androidx-startup"
44-->[androidx.emoji2:emoji2:1.2.0] AndroidManifest.xml:26:13-68
45            android:exported="false" >
45-->[androidx.emoji2:emoji2:1.2.0] AndroidManifest.xml:27:13-37
46            <meta-data
46-->[androidx.emoji2:emoji2:1.2.0] AndroidManifest.xml:29:13-31:52
47                android:name="androidx.emoji2.text.EmojiCompatInitializer"
47-->[androidx.emoji2:emoji2:1.2.0] AndroidManifest.xml:30:17-75
48                android:value="androidx.startup" />
48-->[androidx.emoji2:emoji2:1.2.0] AndroidManifest.xml:31:17-49
49            <meta-data
49-->[androidx.lifecycle:lifecycle-process:2.4.1] AndroidManifest.xml:31:13-33:52
50                android:name="androidx.lifecycle.ProcessLifecycleInitializer"
50-->[androidx.lifecycle:lifecycle-process:2.4.1] AndroidManifest.xml:32:17-78
51                android:value="androidx.startup" />
51-->[androidx.lifecycle:lifecycle-process:2.4.1] AndroidManifest.xml:33:17-49
52        </provider>
53
54        <uses-library
54-->[androidx.window:window:1.0.0] AndroidManifest.xml:25:9-27:40
55            android:name="androidx.window.extensions"
55-->[androidx.window:window:1.0.0] AndroidManifest.xml:26:13-54
56            android:required="false" />
56-->[androidx.window:window:1.0.0] AndroidManifest.xml:27:13-37
57        <uses-library
57-->[androidx.window:window:1.0.0] AndroidManifest.xml:28:9-30:40
58            android:name="androidx.window.sidecar"
58-->[androidx.window:window:1.0.0] AndroidManifest.xml:29:13-51
59            android:required="false" />
59-->[androidx.window:window:1.0.0] AndroidManifest.xml:30:13-37
60    </application>
61
62</manifest>